[2020-08-25 17:28:05] request.INFO: Matched route "team_index". {"route":"team_index","route_parameters":{"_route":"team_index","_controller":"App\\Controller\\Team\\MiscController::homeAction"},"request_uri":"http://140.123.104.67:9191/team","method":"GET"} []
[2020-08-25 17:28:05] security.DEBUG: Read existing security token from the session. {"key":"_security_main","token_class":"Symfony\\Component\\Security\\Core\\Authentication\\Token\\UsernamePasswordToken"} []
[2020-08-25 17:28:05] security.DEBUG: User was reloaded from a user provider. {"provider":"Symfony\\Bridge\\Doctrine\\Security\\User\\EntityUserProvider","username":"admin"} []
[2020-08-25 17:28:05] security.DEBUG: Checking for guard authentication credentials. {"firewall_key":"main","authenticators":2} []
[2020-08-25 17:28:05] security.DEBUG: Checking support on guard authenticator. {"firewall_key":"main","authenticator":"App\\Security\\DOMJudgeXHeadersAuthenticator"} []
[2020-08-25 17:28:05] security.DEBUG: Guard authenticator does not support the request. {"firewall_key":"main","authenticator":"App\\Security\\DOMJudgeXHeadersAuthenticator"} []
[2020-08-25 17:28:05] security.DEBUG: Checking support on guard authenticator. {"firewall_key":"main","authenticator":"App\\Security\\DOMJudgeIPAuthenticator"} []
[2020-08-25 17:28:05] security.DEBUG: Guard authenticator does not support the request. {"firewall_key":"main","authenticator":"App\\Security\\DOMJudgeIPAuthenticator"} []
[2020-08-25 17:28:05] security.DEBUG: Access denied, the user is neither anonymous, nor remember-me. {"exception":"[object] (Symfony\\Component\\Security\\Core\\Exception\\AccessDeniedException(code: 403): You do not have a team associated with your account.  at /opt/domjudge/domserver/lib/vendor/sensio/framework-extra-bundle/EventListener/SecurityListener.php:78)"} []
[2020-08-25 17:28:05] request.ERROR: Uncaught PHP Exception Symfony\Component\HttpKernel\Exception\AccessDeniedHttpException: "You do not have a team associated with your account. " at /opt/domjudge/domserver/lib/vendor/symfony/security-http/Firewall/ExceptionListener.php line 130 {"exception":"[object] (Symfony\\Component\\HttpKernel\\Exception\\AccessDeniedHttpException(code: 0): You do not have a team associated with your account.  at /opt/domjudge/domserver/lib/vendor/symfony/security-http/Firewall/ExceptionListener.php:130, Symfony\\Component\\Security\\Core\\Exception\\AccessDeniedException(code: 403): You do not have a team associated with your account.  at /opt/domjudge/domserver/lib/vendor/sensio/framework-extra-bundle/EventListener/SecurityListener.php:78)"} []
[2020-08-25 17:28:05] security.DEBUG: Stored the security token in the session. {"key":"_security_main"} []
[2020-08-25 17:28:43] request.INFO: Matched route "team_index". {"route":"team_index","route_parameters":{"_route":"team_index","_controller":"App\\Controller\\Team\\MiscController::homeAction"},"request_uri":"http://140.123.104.67:9191/team","method":"GET"} []
[2020-08-25 17:28:43] security.DEBUG: Read existing security token from the session. {"key":"_security_main","token_class":"Symfony\\Component\\Security\\Core\\Authentication\\Token\\UsernamePasswordToken"} []
[2020-08-25 17:28:43] security.DEBUG: User was reloaded from a user provider. {"provider":"Symfony\\Bridge\\Doctrine\\Security\\User\\EntityUserProvider","username":"admin"} []
[2020-08-25 17:28:43] security.DEBUG: Checking for guard authentication credentials. {"firewall_key":"main","authenticators":2} []
[2020-08-25 17:28:43] security.DEBUG: Checking support on guard authenticator. {"firewall_key":"main","authenticator":"App\\Security\\DOMJudgeXHeadersAuthenticator"} []
[2020-08-25 17:28:43] security.DEBUG: Guard authenticator does not support the request. {"firewall_key":"main","authenticator":"App\\Security\\DOMJudgeXHeadersAuthenticator"} []
[2020-08-25 17:28:43] security.DEBUG: Checking support on guard authenticator. {"firewall_key":"main","authenticator":"App\\Security\\DOMJudgeIPAuthenticator"} []
[2020-08-25 17:28:43] security.DEBUG: Guard authenticator does not support the request. {"firewall_key":"main","authenticator":"App\\Security\\DOMJudgeIPAuthenticator"} []
[2020-08-25 17:28:43] security.DEBUG: Access denied, the user is neither anonymous, nor remember-me. {"exception":"[object] (Symfony\\Component\\Security\\Core\\Exception\\AccessDeniedException(code: 403): You do not have a team associated with your account.  at /opt/domjudge/domserver/lib/vendor/sensio/framework-extra-bundle/EventListener/SecurityListener.php:78)"} []
[2020-08-25 17:28:43] request.ERROR: Uncaught PHP Exception Symfony\Component\HttpKernel\Exception\AccessDeniedHttpException: "You do not have a team associated with your account. " at /opt/domjudge/domserver/lib/vendor/symfony/security-http/Firewall/ExceptionListener.php line 130 {"exception":"[object] (Symfony\\Component\\HttpKernel\\Exception\\AccessDeniedHttpException(code: 0): You do not have a team associated with your account.  at /opt/domjudge/domserver/lib/vendor/symfony/security-http/Firewall/ExceptionListener.php:130, Symfony\\Component\\Security\\Core\\Exception\\AccessDeniedException(code: 403): You do not have a team associated with your account.  at /opt/domjudge/domserver/lib/vendor/sensio/framework-extra-bundle/EventListener/SecurityListener.php:78)"} []
[2020-08-25 17:28:43] security.DEBUG: Stored the security token in the session. {"key":"_security_main"} []
[2020-08-25 17:28:45] request.INFO: Matched route "team_index". {"route":"team_index","route_parameters":{"_route":"team_index","_controller":"App\\Controller\\Team\\MiscController::homeAction"},"request_uri":"http://140.123.104.67:9191/team","method":"GET"} []
[2020-08-25 17:28:45] security.DEBUG: Read existing security token from the session. {"key":"_security_main","token_class":"Symfony\\Component\\Security\\Core\\Authentication\\Token\\UsernamePasswordToken"} []
[2020-08-25 17:28:45] security.DEBUG: User was reloaded from a user provider. {"provider":"Symfony\\Bridge\\Doctrine\\Security\\User\\EntityUserProvider","username":"admin"} []
[2020-08-25 17:28:45] security.DEBUG: Checking for guard authentication credentials. {"firewall_key":"main","authenticators":2} []
[2020-08-25 17:28:45] security.DEBUG: Checking support on guard authenticator. {"firewall_key":"main","authenticator":"App\\Security\\DOMJudgeXHeadersAuthenticator"} []
[2020-08-25 17:28:45] security.DEBUG: Guard authenticator does not support the request. {"firewall_key":"main","authenticator":"App\\Security\\DOMJudgeXHeadersAuthenticator"} []
[2020-08-25 17:28:45] security.DEBUG: Checking support on guard authenticator. {"firewall_key":"main","authenticator":"App\\Security\\DOMJudgeIPAuthenticator"} []
[2020-08-25 17:28:45] security.DEBUG: Guard authenticator does not support the request. {"firewall_key":"main","authenticator":"App\\Security\\DOMJudgeIPAuthenticator"} []
[2020-08-25 17:28:45] security.DEBUG: Access denied, the user is neither anonymous, nor remember-me. {"exception":"[object] (Symfony\\Component\\Security\\Core\\Exception\\AccessDeniedException(code: 403): You do not have a team associated with your account.  at /opt/domjudge/domserver/lib/vendor/sensio/framework-extra-bundle/EventListener/SecurityListener.php:78)"} []
[2020-08-25 17:28:45] request.ERROR: Uncaught PHP Exception Symfony\Component\HttpKernel\Exception\AccessDeniedHttpException: "You do not have a team associated with your account. " at /opt/domjudge/domserver/lib/vendor/symfony/security-http/Firewall/ExceptionListener.php line 130 {"exception":"[object] (Symfony\\Component\\HttpKernel\\Exception\\AccessDeniedHttpException(code: 0): You do not have a team associated with your account.  at /opt/domjudge/domserver/lib/vendor/symfony/security-http/Firewall/ExceptionListener.php:130, Symfony\\Component\\Security\\Core\\Exception\\AccessDeniedException(code: 403): You do not have a team associated with your account.  at /opt/domjudge/domserver/lib/vendor/sensio/framework-extra-bundle/EventListener/SecurityListener.php:78)"} []
[2020-08-25 17:28:45] security.DEBUG: Stored the security token in the session. {"key":"_security_main"} []
[2020-08-25 17:28:51] request.INFO: Matched route "team_index". {"route":"team_index","route_parameters":{"_route":"team_index","_controller":"App\\Controller\\Team\\MiscController::homeAction"},"request_uri":"http://140.123.104.67:9191/team","method":"GET"} []
[2020-08-25 17:28:52] security.DEBUG: Read existing security token from the session. {"key":"_security_main","token_class":"Symfony\\Component\\Security\\Core\\Authentication\\Token\\UsernamePasswordToken"} []
[2020-08-25 17:28:52] security.DEBUG: User was reloaded from a user provider. {"provider":"Symfony\\Bridge\\Doctrine\\Security\\User\\EntityUserProvider","username":"admin"} []
[2020-08-25 17:28:52] security.DEBUG: Checking for guard authentication credentials. {"firewall_key":"main","authenticators":2} []
[2020-08-25 17:28:52] security.DEBUG: Checking support on guard authenticator. {"firewall_key":"main","authenticator":"App\\Security\\DOMJudgeXHeadersAuthenticator"} []
[2020-08-25 17:28:52] security.DEBUG: Guard authenticator does not support the request. {"firewall_key":"main","authenticator":"App\\Security\\DOMJudgeXHeadersAuthenticator"} []
[2020-08-25 17:28:52] security.DEBUG: Checking support on guard authenticator. {"firewall_key":"main","authenticator":"App\\Security\\DOMJudgeIPAuthenticator"} []
[2020-08-25 17:28:52] security.DEBUG: Guard authenticator does not support the request. {"firewall_key":"main","authenticator":"App\\Security\\DOMJudgeIPAuthenticator"} []
[2020-08-25 17:28:52] security.DEBUG: Access denied, the user is neither anonymous, nor remember-me. {"exception":"[object] (Symfony\\Component\\Security\\Core\\Exception\\AccessDeniedException(code: 403): You do not have a team associated with your account.  at /opt/domjudge/domserver/lib/vendor/sensio/framework-extra-bundle/EventListener/SecurityListener.php:78)"} []
[2020-08-25 17:28:52] request.ERROR: Uncaught PHP Exception Symfony\Component\HttpKernel\Exception\AccessDeniedHttpException: "You do not have a team associated with your account. " at /opt/domjudge/domserver/lib/vendor/symfony/security-http/Firewall/ExceptionListener.php line 130 {"exception":"[object] (Symfony\\Component\\HttpKernel\\Exception\\AccessDeniedHttpException(code: 0): You do not have a team associated with your account.  at /opt/domjudge/domserver/lib/vendor/symfony/security-http/Firewall/ExceptionListener.php:130, Symfony\\Component\\Security\\Core\\Exception\\AccessDeniedException(code: 403): You do not have a team associated with your account.  at /opt/domjudge/domserver/lib/vendor/sensio/framework-extra-bundle/EventListener/SecurityListener.php:78)"} []
[2020-08-25 17:28:52] security.DEBUG: Stored the security token in the session. {"key":"_security_main"} []
[2020-08-25 17:28:58] request.INFO: Matched route "team_index". {"route":"team_index","route_parameters":{"_route":"team_index","_controller":"App\\Controller\\Team\\MiscController::homeAction"},"request_uri":"http://140.123.104.67:9191/team","method":"GET"} []
[2020-08-25 17:28:58] security.DEBUG: Read existing security token from the session. {"key":"_security_main","token_class":"Symfony\\Component\\Security\\Core\\Authentication\\Token\\UsernamePasswordToken"} []
[2020-08-25 17:28:58] security.DEBUG: User was reloaded from a user provider. {"provider":"Symfony\\Bridge\\Doctrine\\Security\\User\\EntityUserProvider","username":"admin"} []
[2020-08-25 17:28:58] security.DEBUG: Checking for guard authentication credentials. {"firewall_key":"main","authenticators":2} []
[2020-08-25 17:28:58] security.DEBUG: Checking support on guard authenticator. {"firewall_key":"main","authenticator":"App\\Security\\DOMJudgeXHeadersAuthenticator"} []
[2020-08-25 17:28:58] security.DEBUG: Guard authenticator does not support the request. {"firewall_key":"main","authenticator":"App\\Security\\DOMJudgeXHeadersAuthenticator"} []
[2020-08-25 17:28:58] security.DEBUG: Checking support on guard authenticator. {"firewall_key":"main","authenticator":"App\\Security\\DOMJudgeIPAuthenticator"} []
[2020-08-25 17:28:58] security.DEBUG: Guard authenticator does not support the request. {"firewall_key":"main","authenticator":"App\\Security\\DOMJudgeIPAuthenticator"} []
[2020-08-25 17:28:58] security.DEBUG: Access denied, the user is neither anonymous, nor remember-me. {"exception":"[object] (Symfony\\Component\\Security\\Core\\Exception\\AccessDeniedException(code: 403): You do not have a team associated with your account.  at /opt/domjudge/domserver/lib/vendor/sensio/framework-extra-bundle/EventListener/SecurityListener.php:78)"} []
[2020-08-25 17:28:58] request.ERROR: Uncaught PHP Exception Symfony\Component\HttpKernel\Exception\AccessDeniedHttpException: "You do not have a team associated with your account. " at /opt/domjudge/domserver/lib/vendor/symfony/security-http/Firewall/ExceptionListener.php line 130 {"exception":"[object] (Symfony\\Component\\HttpKernel\\Exception\\AccessDeniedHttpException(code: 0): You do not have a team associated with your account.  at /opt/domjudge/domserver/lib/vendor/symfony/security-http/Firewall/ExceptionListener.php:130, Symfony\\Component\\Security\\Core\\Exception\\AccessDeniedException(code: 403): You do not have a team associated with your account.  at /opt/domjudge/domserver/lib/vendor/sensio/framework-extra-bundle/EventListener/SecurityListener.php:78)"} []
[2020-08-25 17:28:58] security.DEBUG: Stored the security token in the session. {"key":"_security_main"} []
